<?xml version="1.0" encoding="UTF-8"?>
<!-- Generated by org.testng.reporters.JUnitReportReporter -->
<testsuite hostname="PNVD016" failures="0" tests="8" name="TestingRefill.Test_Login" time="25.374" errors="0" timestamp="2022-03-27T23:06:59 ICT" skipped="0">
  <testcase classname="TestingRefill.Test_Login" name="TC_06_Login_Empty_Password" time="3.025"/>
  <system-out/>
  <testcase classname="TestingRefill.Test_Login" name="TC_03_Login_Incorrect_Password" time="3.075"/>
  <system-out/>
  <testcase classname="TestingRefill.Test_Login" name="TC_02_Login_Incorrect_Email" time="3.127"/>
  <system-out/>
  <testcase classname="TestingRefill.Test_Login" name="TC_05_Login_Empty_Email" time="2.823"/>
  <system-out/>
  <testcase classname="TestingRefill.Test_Login" name="TC_07_Login_valid_Data" time="3.034"/>
  <system-out/>
  <testcase classname="TestingRefill.Test_Login" name="TC_04_Login_Empty_Data" time="2.767"/>
  <system-out/>
  <testcase classname="TestingRefill.Test_Login" name="TC_08_Forgot_Pass_Link" time="2.779"/>
  <system-out/>
  <testcase classname="TestingRefill.Test_Login" name="TC_01_Login_Incorrect_Data" time="4.744"/>
  <system-out/>
</testsuite> <!-- TestingRefill.Test_Login -->
