<?xml version="1.0" encoding="UTF-8"?>
<!-- Generated by org.testng.reporters.JUnitReportReporter -->
<testsuite hostname="PNVD016" failures="0" tests="4" name="TestingRefill.Test_Forgot_Password" time="55.071" errors="0" timestamp="2022-03-13T00:30:00 ICT" skipped="0">
  <testcase classname="TestingRefill.Test_Forgot_Password" name="TC_01_Forgot_invalid_Email" time="15.092"/>
  <system-out/>
  <testcase classname="TestingRefill.Test_Forgot_Password" name="TC_03_Forgot_empty_Email" time="13.079"/>
  <system-out/>
  <testcase classname="TestingRefill.Test_Forgot_Password" name="TC_03_Forgot_incorrect_Email" time="13.084"/>
  <system-out/>
  <testcase classname="TestingRefill.Test_Forgot_Password" name="TC_01_Forgot_valid_Email" time="13.816"/>
  <system-out/>
</testsuite> <!-- TestingRefill.Test_Forgot_Password -->
