<?xml version="1.0" encoding="UTF-8"?>
<!-- Generated by org.testng.reporters.JUnitReportReporter -->
<testsuite hostname="PNVD016" failures="0" tests="6" name="TestingRefill.Register" time="24.677" errors="0" timestamp="2022-03-10T23:28:14 ICT" skipped="0">
  <testcase classname="TestingRefill.Register" name="TC_06_Register_Invalid_Phone" time="3.474"/>
  <system-out/>
  <testcase classname="TestingRefill.Register" name="TC_04_Register_Password_Less_Than_6_Chars" time="3.828"/>
  <system-out/>
  <testcase classname="TestingRefill.Register" name="TC_05_Register_Incorrect_Password" time="3.643"/>
  <system-out/>
  <testcase classname="TestingRefill.Register" name="TC_02_Register_Invalid_Email" time="3.677"/>
  <system-out/>
  <testcase classname="TestingRefill.Register" name="TC_03_Register_Incorrect_Email" time="3.744"/>
  <system-out/>
  <testcase classname="TestingRefill.Register" name="TC_01_Register_Empty_Data" time="6.311"/>
  <system-out/>
</testsuite> <!-- TestingRefill.Register -->
