<?xml version="1.0" encoding="UTF-8"?>
<!-- Generated by org.testng.reporters.JUnitReportReporter -->
<testsuite hostname="PNVD016" failures="0" tests="1" name="TestingRefill.Test_Login" time="5.713" errors="0" timestamp="2022-03-12T17:12:19 ICT" skipped="0">
  <testcase classname="TestingRefill.Test_Login" name="TC_08_Forgot_Pass_Link" time="5.713"/>
  <system-out/>
</testsuite> <!-- TestingRefill.Test_Login -->
