<?xml version="1.0" encoding="UTF-8"?>
<!-- Generated by org.testng.reporters.JUnitReportReporter -->
<testsuite hostname="PNVD016" failures="0" tests="3" name="TestingRefill.Login" time="0.142" errors="0" timestamp="2022-03-10T09:19:15 ICT" skipped="0">
  <testcase classname="TestingRefill.Login" name="TC_01_ValidateCurrentUrl" time="0.021"/>
  <system-out/>
  <testcase classname="TestingRefill.Login" name="TC_02_ValidatePageTitle" time="0.026"/>
  <system-out/>
  <testcase classname="TestingRefill.Login" name="TC_03_LoginFormDisplayed" time="0.095"/>
  <system-out/>
</testsuite> <!-- TestingRefill.Login -->
