<?xml version="1.0" encoding="UTF-8"?>
<!-- Generated by org.testng.reporters.JUnitReportReporter -->
<testsuite hostname="PNVD016" failures="0" tests="7" name="TestingRefill.Test_Contact" time="27.939" errors="0" timestamp="2022-03-27T23:00:48 ICT" skipped="0">
  <testcase classname="TestingRefill.Test_Contact" name="TC_02_Contact_Empty_Data" time="3.301"/>
  <system-out/>
  <testcase classname="TestingRefill.Test_Contact" name="TC_07_Contact_Valid_Data" time="3.912"/>
  <system-out/>
  <testcase classname="TestingRefill.Test_Contact" name="TC_01_Contact_Invalid_Email" time="5.766"/>
  <system-out/>
  <testcase classname="TestingRefill.Test_Contact" name="TC_03_Contact_Empty_Name" time="3.672"/>
  <system-out/>
  <testcase classname="TestingRefill.Test_Contact" name="TC_04_Contact_Empty_Email" time="3.809"/>
  <system-out/>
  <testcase classname="TestingRefill.Test_Contact" name="TC_06_Contact_Empty_Message" time="3.586"/>
  <system-out/>
  <testcase classname="TestingRefill.Test_Contact" name="TC_05_Contact_Empty_Subject" time="3.893"/>
  <system-out/>
</testsuite> <!-- TestingRefill.Test_Contact -->
